<?xml version="1.0" encoding="utf-8"?><testsuite errors="0" failures="0" name="pytest" skips="0" tests="10" time="0.545"><testcase classname="pytests.test_index" file="pytests/test_index.py" line="9" name="test_greenville_population" time="0.0006062984466552734"></testcase><testcase classname="pytests.test_index" file="pytests/test_index.py" line="12" name="test_greenville_area" time="0.000392913818359375"></testcase><testcase classname="pytests.test_index" file="pytests/test_index.py" line="15" name="test_city_keys" time="0.0005595684051513672"></testcase><testcase classname="pytests.test_index" file="pytests/test_index.py" line="18" name="test_city_values" time="0.0005695819854736328"></testcase><testcase classname="pytests.test_index" file="pytests/test_index.py" line="21" name="test_salina" time="0.0004932880401611328"></testcase><testcase classname="pytests.test_index" file="pytests/test_index.py" line="24" name="test_los_cabos_pop" time="0.00037860870361328125"></testcase><testcase classname="pytests.test_index" file="pytests/test_index.py" line="27" name="test_city_count" time="0.0003650188446044922"></testcase><testcase classname="pytests.test_index" file="pytests/test_index.py" line="30" name="test_change_spelling" time="0.0003724098205566406"></testcase><testcase classname="pytests.test_index" file="pytests/test_index.py" line="33" name="test_pyeongchang_keys" time="0.0003845691680908203"></testcase><testcase classname="pytests.test_index" file="pytests/test_index.py" line="37" name="test_pyeongchang_values" time="0.0003619194030761719"></testcase></testsuite>